# JRE version: OpenJDK Runtime Environment (8.0_282-b08) (build 1.8.0_282-b08)
# Java VM: OpenJDK 64-Bit Server VM (25.282-b08 mixed mode windows-amd64 compressed oops)
Heap:
 PSYoungGen      total 256512K, used 163763K [0x00000000eb780000, 0x0000000100000000, 0x0000000100000000)
  eden space 244224K, 64% used [0x00000000eb780000,0x00000000f5251cc0,0x00000000fa600000)
  from space 12288K, 42% used [0x00000000fb400000,0x00000000fb91b120,0x00000000fc000000)
  to   space 14336K, 0% used [0x00000000fa600000,0x00000000fa600000,0x00000000fb400000)
 ParOldGen       total 46080K, used 27734K [0x00000000c2600000, 0x00000000c5300000, 0x00000000eb780000)
  object space 46080K, 60% used [0x00000000c2600000,0x00000000c4115970,0x00000000c5300000)
 Metaspace       used 52075K, capacity 54426K, committed 54872K, reserved 1097728K
  class space    used 7007K, capacity 7453K, committed 7552K, reserved 1048576K
GC Heap History (10 events):
Event: 13.645 GC heap before
{Heap before GC invocations=12 (full 2):
 PSYoungGen      total 181760K, used 10745K [0x00000000eb780000, 0x00000000f8380000, 0x0000000100000000)
  eden space 171008K, 0% used [0x00000000eb780000,0x00000000eb780000,0x00000000f5e80000)
  from space 10752K, 99% used [0x00000000f6c00000,0x00000000f767e778,0x00000000f7680000)
  to   space 13824K, 0% used [0x00000000f5e80000,0x00000000f5e80000,0x00000000f6c00000)
 ParOldGen       total 32256K, used 15965K [0x00000000c2600000, 0x00000000c4580000, 0x00000000eb780000)
  object space 32256K, 49% used [0x00000000c2600000,0x00000000c3597410,0x00000000c4580000)
 Metaspace       used 33419K, capacity 35372K, committed 35416K, reserved 1079296K
  class space    used 4547K, capacity 4952K, committed 4992K, reserved 1048576K
Event: 13.734 GC heap after
Heap after GC invocations=12 (full 2):
 PSYoungGen      total 181760K, used 0K [0x00000000eb780000, 0x00000000f8380000, 0x0000000100000000)
  eden space 171008K, 0% used [0x00000000eb780000,0x00000000eb780000,0x00000000f5e80000)
  from space 10752K, 0% used [0x00000000f6c00000,0x00000000f6c00000,0x00000000f7680000)
  to   space 13824K, 0% used [0x00000000f5e80000,0x00000000f5e80000,0x00000000f6c00000)
 ParOldGen       total 46080K, used 18496K [0x00000000c2600000, 0x00000000c5300000, 0x00000000eb780000)
  object space 46080K, 40% used [0x00000000c2600000,0x00000000c3810310,0x00000000c5300000)
 Metaspace       used 33419K, capacity 35372K, committed 35416K, reserved 1079296K
  class space    used 4547K, capacity 4952K, committed 4992K, reserved 1048576K
}
Event: 15.443 GC heap before
{Heap before GC invocations=13 (full 2):
 PSYoungGen      total 181760K, used 171008K [0x00000000eb780000, 0x00000000f8380000, 0x0000000100000000)
  eden space 171008K, 100% used [0x00000000eb780000,0x00000000f5e80000,0x00000000f5e80000)
  from space 10752K, 0% used [0x00000000f6c00000,0x00000000f6c00000,0x00000000f7680000)
  to   space 13824K, 0% used [0x00000000f5e80000,0x00000000f5e80000,0x00000000f6c00000)
 ParOldGen       total 46080K, used 18496K [0x00000000c2600000, 0x00000000c5300000, 0x00000000eb780000)
  object space 46080K, 40% used [0x00000000c2600000,0x00000000c3810310,0x00000000c5300000)
 Metaspace       used 36405K, capacity 38456K, committed 38616K, reserved 1083392K
  class space    used 4883K, capacity 5280K, committed 5376K, reserved 1048576K
Event: 15.456 GC heap after
Heap after GC invocations=13 (full 2):
 PSYoungGen      total 184832K, used 6949K [0x00000000eb780000, 0x00000000fc100000, 0x0000000100000000)
  eden space 171008K, 0% used [0x00000000eb780000,0x00000000eb780000,0x00000000f5e80000)
  from space 13824K, 50% used [0x00000000f5e80000,0x00000000f6549418,0x00000000f6c00000)
  to   space 13312K, 0% used [0x00000000fb400000,0x00000000fb400000,0x00000000fc100000)
 ParOldGen       total 46080K, used 18504K [0x00000000c2600000, 0x00000000c5300000, 0x00000000eb780000)
  object space 46080K, 40% used [0x00000000c2600000,0x00000000c3812310,0x00000000c5300000)
 Metaspace       used 36405K, capacity 38456K, committed 38616K, reserved 1083392K
  class space    used 4883K, capacity 5280K, committed 5376K, reserved 1048576K
}
Event: 31.776 GC heap before
{Heap before GC invocations=14 (full 2):
 PSYoungGen      total 184832K, used 177957K [0x00000000eb780000, 0x00000000fc100000, 0x0000000100000000)
  eden space 171008K, 100% used [0x00000000eb780000,0x00000000f5e80000,0x00000000f5e80000)
  from space 13824K, 50% used [0x00000000f5e80000,0x00000000f6549418,0x00000000f6c00000)
  to   space 13312K, 0% used [0x00000000fb400000,0x00000000fb400000,0x00000000fc100000)
 ParOldGen       total 46080K, used 18504K [0x00000000c2600000, 0x00000000c5300000, 0x00000000eb780000)
  object space 46080K, 40% used [0x00000000c2600000,0x00000000c3812310,0x00000000c5300000)
 Metaspace       used 46704K, capacity 48936K, committed 49240K, reserved 1091584K
  class space    used 6318K, capacity 6760K, committed 6784K, reserved 1048576K
Event: 31.802 GC heap after
Heap after GC invocations=14 (full 2):
 PSYoungGen      total 251904K, used 11830K [0x00000000eb780000, 0x00000000fc000000, 0x0000000100000000)
  eden space 239616K, 0% used [0x00000000eb780000,0x00000000eb780000,0x00000000fa180000)
  from space 12288K, 96% used [0x00000000fb400000,0x00000000fbf8dac8,0x00000000fc000000)
  to   space 14336K, 0% used [0x00000000fa400000,0x00000000fa400000,0x00000000fb200000)
 ParOldGen       total 46080K, used 23116K [0x00000000c2600000, 0x00000000c5300000, 0x00000000eb780000)
  object space 46080K, 50% used [0x00000000c2600000,0x00000000c3c930f0,0x00000000c5300000)
 Metaspace       used 46704K, capacity 48936K, committed 49240K, reserved 1091584K
  class space    used 6318K, capacity 6760K, committed 6784K, reserved 1048576K
}
Event: 130.279 GC heap before
{Heap before GC invocations=15 (full 2):
 PSYoungGen      total 251904K, used 251446K [0x00000000eb780000, 0x00000000fc000000, 0x0000000100000000)
  eden space 239616K, 100% used [0x00000000eb780000,0x00000000fa180000,0x00000000fa180000)
  from space 12288K, 96% used [0x00000000fb400000,0x00000000fbf8dac8,0x00000000fc000000)
  to   space 14336K, 0% used [0x00000000fa400000,0x00000000fa400000,0x00000000fb200000)
 ParOldGen       total 46080K, used 23116K [0x00000000c2600000, 0x00000000c5300000, 0x00000000eb780000)
  object space 46080K, 50% used [0x00000000c2600000,0x00000000c3c930f0,0x00000000c5300000)
 Metaspace       used 46721K, capacity 49000K, committed 49240K, reserved 1091584K
  class space    used 6318K, capacity 6760K, committed 6784K, reserved 1048576K
Event: 130.290 GC heap after
Heap after GC invocations=15 (full 2):
 PSYoungGen      total 253952K, used 128K [0x00000000eb780000, 0x00000000fc000000, 0x0000000100000000)
  eden space 239616K, 0% used [0x00000000eb780000,0x00000000eb780000,0x00000000fa180000)
  from space 14336K, 0% used [0x00000000fa400000,0x00000000fa420000,0x00000000fb200000)
  to   space 12288K, 0% used [0x00000000fb400000,0x00000000fb400000,0x00000000fc000000)
 ParOldGen       total 46080K, used 27702K [0x00000000c2600000, 0x00000000c5300000, 0x00000000eb780000)
  object space 46080K, 60% used [0x00000000c2600000,0x00000000c410d970,0x00000000c5300000)
 Metaspace       used 46721K, capacity 49000K, committed 49240K, reserved 1091584K
  class space    used 6318K, capacity 6760K, committed 6784K, reserved 1048576K
}
Event: 203.516 GC heap before
{Heap before GC invocations=16 (full 2):
 PSYoungGen      total 253952K, used 239744K [0x00000000eb780000, 0x00000000fc000000, 0x0000000100000000)
  eden space 239616K, 100% used [0x00000000eb780000,0x00000000fa180000,0x00000000fa180000)
  from space 14336K, 0% used [0x00000000fa400000,0x00000000fa420000,0x00000000fb200000)
  to   space 12288K, 0% used [0x00000000fb400000,0x00000000fb400000,0x00000000fc000000)
 ParOldGen       total 46080K, used 27702K [0x00000000c2600000, 0x00000000c5300000, 0x00000000eb780000)
  object space 46080K, 60% used [0x00000000c2600000,0x00000000c410d970,0x00000000c5300000)
 Metaspace       used 51983K, capacity 54298K, committed 54616K, reserved 1095680K
  class space    used 7007K, capacity 7453K, committed 7552K, reserved 1048576K
Event: 203.525 GC heap after
Heap after GC invocations=16 (full 2):
 PSYoungGen      total 256512K, used 5228K [0x00000000eb780000, 0x0000000100000000, 0x0000000100000000)
  eden space 244224K, 0% used [0x00000000eb780000,0x00000000eb780000,0x00000000fa600000)
  from space 12288K, 42% used [0x00000000fb400000,0x00000000fb91b120,0x00000000fc000000)
  to   space 14336K, 0% used [0x00000000fa600000,0x00000000fa600000,0x00000000fb400000)
 ParOldGen       total 46080K, used 27734K [0x00000000c2600000, 0x00000000c5300000, 0x00000000eb780000)
  object space 46080K, 60% used [0x00000000c2600000,0x00000000c4115970,0x00000000c5300000)
 Metaspace       used 51983K, capacity 54298K, committed 54616K, reserved 1095680K
  class space    used 7007K, capacity 7453K, committed 7552K, reserved 1048576K
}

